[2019-04-24.19:38:25] Sent message to Amazon, about connected to amazon
[2019-04-24.19:38:25] Sent message to World, about Requesting a new world
[2019-04-24.19:38:25] Received message from World, about connected!
[2019-04-24.19:38:25] Sent message to World, about setting world speed to 10000
[2019-04-24.19:38:25] Sent message to Amazon seqnum is 1, about please connecting to world 1
[2019-04-24.19:39:43] Received message from Amazon seqnum is 39, about requesting a truck(s) to warehouse 0 ,located at (255, 552)
[2019-04-24.19:39:43] Received message from Amazon, about package 20 x 123: A user wants to buy P30 Pro, desctination: (300,10)
[2019-04-24.19:39:43] Sent message to Amazon, about acking 39
[2019-04-24.19:39:43] Sent message to World seqnum is 1, about sending truck 7 to warehouse (255,552)
[2019-04-24.19:39:44] Received message from Amazon seqnum is 40, about requesting a truck(s) to warehouse 0 ,located at (255, 552)
[2019-04-24.19:39:44] Received message from Amazon, about package 21 x 1213: A user wants to buy banana, desctination: (300,10)
[2019-04-24.19:39:44] Sent message to Amazon, about acking 40
[2019-04-24.19:39:44] Sent message to World seqnum is 2, about sending truck 64 to warehouse (255,552)
[2019-04-24.19:39:44] Received message from Amazon seqnum is 41, about requesting a truck(s) to warehouse 0 ,located at (255, 552)
[2019-04-24.19:39:44] Received message from Amazon, about package 22 x 123: A user wants to buy Grapefruit, desctination: (300,10)
[2019-04-24.19:39:44] Sent message to Amazon, about acking 41
[2019-04-24.19:39:44] Sent message to World seqnum is 3, about sending truck 1 to warehouse (255,552)
[2019-04-24.19:39:45] Received message from Amazon seqnum is 42, about requesting a truck(s) to warehouse 0 ,located at (255, 552)
[2019-04-24.19:39:45] Received message from Amazon, about package 23 x 331: A user wants to buy blackberry, desctination: (300,10)
[2019-04-24.19:39:45] Sent message to Amazon, about acking 42
[2019-04-24.19:39:45] Sent message to World seqnum is 4, about sending truck 164 to warehouse (255,552)
[2019-04-24.19:39:45] Received message from Amazon seqnum is 43, about requesting a truck(s) to warehouse 0 ,located at (255, 552)
[2019-04-24.19:39:45] Received message from Amazon, about package 24 x 144: A user wants to buy Romeo and Juliet, desctination: (300,10)
[2019-04-24.19:39:45] Sent message to Amazon, about acking 43
[2019-04-24.19:39:45] Sent message to World seqnum is 5, about sending truck 144 to warehouse (255,552)
[2019-04-24.19:39:46] Received message from Amazon seqnum is 44, about requesting a truck(s) to warehouse 0 ,located at (255, 552)
[2019-04-24.19:39:46] Received message from Amazon, about package 25 x 144: A user wants to buy Pixel 3, desctination: (300,10)
[2019-04-24.19:39:46] Sent message to Amazon, about acking 44
[2019-04-24.19:39:46] Sent message to World seqnum is 6, about sending truck 89 to warehouse (255,552)
[2019-04-24.19:39:49] Received message from World seqnum is 39, about truck 7 arrived at warehouse, located at (255,552)
[2019-04-24.19:39:49] Received message from World seqnum is 40, about truck 64 arrived at warehouse, located at (255,552)
[2019-04-24.19:39:49] Received message from World seqnum is 41, about truck 1 arrived at warehouse, located at (255,552)
[2019-04-24.19:39:49] Received message from World seqnum is 42, about truck 164 arrived at warehouse, located at (255,552)
[2019-04-24.19:39:49] Sent message to World, about acking 39
[2019-04-24.19:39:49] Sent message to World, about acking 40
[2019-04-24.19:39:49] Sent message to World, about acking 41
[2019-04-24.19:39:49] Sent message to World, about acking 42
[2019-04-24.19:39:49] Sent message to Amazon seqnum is 2, about truck 7 is already at warehouse, located at(255,552) to pick up package 20
[2019-04-24.19:39:49] Sent message to Amazon seqnum is 2, about truck 64 is already at warehouse, located at(255,552) to pick up package 21
[2019-04-24.19:39:49] Sent message to Amazon seqnum is 2, about truck 1 is already at warehouse, located at(255,552) to pick up package 22
[2019-04-24.19:39:49] Sent message to Amazon seqnum is 2, about truck 164 is already at warehouse, located at(255,552) to pick up package 23
[2019-04-24.19:39:49] Received message from Amazon, about acking 2
[2019-04-24.19:39:55] Received message from World seqnum is 49, about truck 144 arrived at warehouse, located at (255,552)
[2019-04-24.19:39:55] Received message from World seqnum is 50, about truck 89 arrived at warehouse, located at (255,552)
[2019-04-24.19:39:55] Sent message to World, about acking 49
[2019-04-24.19:39:55] Sent message to World, about acking 50
[2019-04-24.19:39:55] Sent message to Amazon seqnum is 3, about truck 144 is already at warehouse, located at(255,552) to pick up package 24
[2019-04-24.19:39:55] Sent message to Amazon seqnum is 3, about truck 89 is already at warehouse, located at(255,552) to pick up package 25
[2019-04-24.19:39:55] Received message from Amazon, about acking 3
[2019-04-24.19:39:55] Received message from Amazon seqnum is 45, about truck 7 should send package 20
[2019-04-24.19:39:55] Sent message to Amazon, about acking 45
[2019-04-24.19:39:55] Sent message to World, about package 20 on truck 7
[2019-04-24.19:39:55] Sent message to World seqnum is 7, about sending truck 7 to deliver package 20, destination(300,10)
[2019-04-24.19:39:55] Sent message to Amazon seqnum is 4, about package 20 is out for delivery
[2019-04-24.19:39:55] Received message from Amazon, about acking 4
[2019-04-24.19:39:56] Received message from Amazon seqnum is 46, about truck 64 should send package 21
[2019-04-24.19:39:56] Sent message to Amazon, about acking 46
[2019-04-24.19:39:56] Sent message to World, about package 21 on truck 64
[2019-04-24.19:39:56] Sent message to World seqnum is 8, about sending truck 64 to deliver package 21, destination(300,10)
[2019-04-24.19:39:56] Sent message to Amazon seqnum is 5, about package 21 is out for delivery
[2019-04-24.19:39:56] Received message from Amazon, about acking 5
[2019-04-24.19:39:56] Received message from Amazon seqnum is 47, about truck 1 should send package 22
[2019-04-24.19:39:56] Sent message to Amazon, about acking 47
[2019-04-24.19:39:56] Sent message to World, about package 22 on truck 1
[2019-04-24.19:39:56] Sent message to World seqnum is 9, about sending truck 1 to deliver package 22, destination(300,10)
[2019-04-24.19:39:56] Sent message to Amazon seqnum is 6, about package 22 is out for delivery
[2019-04-24.19:39:56] Received message from Amazon, about acking 6
[2019-04-24.19:39:57] Received message from Amazon seqnum is 48, about truck 164 should send package 23
[2019-04-24.19:39:57] Sent message to Amazon, about acking 48
[2019-04-24.19:39:57] Sent message to World, about package 23 on truck 164
[2019-04-24.19:39:57] Sent message to World seqnum is 10, about sending truck 164 to deliver package 23, destination(300,10)
[2019-04-24.19:39:57] Sent message to Amazon seqnum is 7, about package 23 is out for delivery
[2019-04-24.19:39:57] Received message from Amazon, about acking 7
[2019-04-24.19:40:01] Received message from World seqnum is 56, about truck 7 delivered package 20
[2019-04-24.19:40:01] Received message from World seqnum is 58, about truck 64 delivered package 21
[2019-04-24.19:40:01] Received message from World seqnum is 60, about truck 1 delivered package 22
[2019-04-24.19:40:01] Received message from World seqnum is 62, about truck 164 delivered package 23
[2019-04-24.19:40:01] Received message from World seqnum is 57, about truck 7 delivered all packages, located at (300,10)
[2019-04-24.19:40:01] Received message from World seqnum is 59, about truck 64 delivered all packages, located at (300,10)
[2019-04-24.19:40:01] Received message from World seqnum is 61, about truck 1 delivered all packages, located at (300,10)
[2019-04-24.19:40:01] Received message from World seqnum is 63, about truck 164 delivered all packages, located at (300,10)
[2019-04-24.19:40:01] Sent message to World, about acking 56
[2019-04-24.19:40:01] Sent message to World, about acking 58
[2019-04-24.19:40:01] Sent message to World, about acking 60
[2019-04-24.19:40:01] Sent message to World, about acking 62
[2019-04-24.19:40:01] Sent message to World, about acking 57
[2019-04-24.19:40:01] Sent message to World, about acking 59
[2019-04-24.19:40:01] Sent message to World, about acking 61
[2019-04-24.19:40:01] Sent message to World, about acking 63
[2019-04-24.19:40:01] Sent message to Amazon seqnum is 8, about package 20 is delivered
[2019-04-24.19:40:01] Sent message to Amazon seqnum is 8, about package 21 is delivered
[2019-04-24.19:40:01] Sent message to Amazon seqnum is 8, about package 22 is delivered
[2019-04-24.19:40:01] Sent message to Amazon seqnum is 8, about package 23 is delivered
[2019-04-24.19:40:01] Received message from Amazon seqnum is 49, about truck 144 should send package 24
[2019-04-24.19:40:01] Sent message to Amazon, about acking 49
[2019-04-24.19:40:01] Sent message to World, about package 24 on truck 144
[2019-04-24.19:40:01] Sent message to World seqnum is 11, about sending truck 144 to deliver package 24, destination(300,10)
[2019-04-24.19:40:01] Sent message to Amazon seqnum is 9, about package 24 is out for delivery
[2019-04-24.19:40:02] Received message from Amazon seqnum is 50, about truck 89 should send package 25
[2019-04-24.19:40:02] Sent message to Amazon, about acking 50
[2019-04-24.19:40:02] Sent message to World, about package 25 on truck 89
[2019-04-24.19:40:02] Sent message to World seqnum is 12, about sending truck 89 to deliver package 25, destination(300,10)
[2019-04-24.19:40:02] Sent message to Amazon seqnum is 10, about package 25 is out for delivery
[2019-04-24.19:40:03] Received message from Amazon, about acking 8
[2019-04-24.19:40:07] Received message from World seqnum is 64, about truck 144 delivered package 24
[2019-04-24.19:40:07] Received message from World seqnum is 66, about truck 89 delivered package 25
[2019-04-24.19:40:07] Received message from World seqnum is 65, about truck 144 delivered all packages, located at (300,10)
[2019-04-24.19:40:07] Received message from World seqnum is 67, about truck 89 delivered all packages, located at (300,10)
[2019-04-24.19:40:07] Sent message to World, about acking 64
[2019-04-24.19:40:07] Sent message to World, about acking 66
[2019-04-24.19:40:07] Sent message to World, about acking 65
[2019-04-24.19:40:07] Sent message to World, about acking 67
[2019-04-24.19:40:07] Sent message to Amazon seqnum is 11, about package 24 is delivered
[2019-04-24.19:40:07] Sent message to Amazon seqnum is 11, about package 25 is delivered
[2019-04-24.19:40:07] Received message from Amazon, about acking 11
